<?xml version="1.0" encoding="UTF-8"?>
<!-- Generated by org.testng.reporters.JUnitReportReporter -->
<testsuite hostname="LAPTOP-U6BAJO33" failures="0" tests="1" name="SeleniumDEMO2.Demo.Test1" time="46.480" errors="0" timestamp="06 Jun 2024 16:06:29 GMT" skipped="0">
  <testcase classname="SeleniumDEMO2.Demo.Test1" name="f" time="46.480"/>
</testsuite> <!-- SeleniumDEMO2.Demo.Test1 -->
